{
  "stats": {
    "suites": 1,
    "tests": 2,
    "passes": 1,
    "pending": 0,
    "failures": 1,
    "start": "2024-05-09T13:04:46.284Z",
    "end": "2024-05-09T13:06:13.173Z",
    "duration": 86889,
    "testsRegistered": 2,
    "passPercent": 50,
    "pendingPercent": 0,
    "other": 0,
    "hasOther": false,
    "skipped": 0,
    "hasSkipped": false
  },
  "results": [
    {
      "uuid": "38073116-aa06-4c58-9ca3-904d887c06c0",
      "title": "",
      "fullFile": "cypress\\e2e\\actionBasedOnLength.cy.js",
      "file": "cypress\\e2e\\actionBasedOnLength.cy.js",
      "beforeHooks": [],
      "afterHooks": [],
      "tests": [],
      "suites": [
        {
          "uuid": "576969d1-3cb4-44cd-a550-63fe9b85ed2b",
          "title": "Performing action if element is not present-  using Cypress",
          "fullFile": "",
          "file": "",
          "beforeHooks": [],
          "afterHooks": [],
          "tests": [
            {
              "title": "Open website and enter username, password",
              "fullTitle": "Performing action if element is not present-  using Cypress Open website and enter username, password",
              "timedOut": null,
              "duration": 14311,
              "state": "passed",
              "speed": "medium",
              "pass": true,
              "fail": false,
              "pending": false,
              "context": null,
              "code": "cy.visit(\"https://ecommerce-playground.lambdatest.io/index.php?route=account/login\");\ncy.get(\".form-group\").then($ele => {\n  console.log($ele.find(\"#input-password1\").length);\n  if ($ele.find(\"#input-password1\").length) {\n    cy.log(\"-- input-passowrd1 element not present --- \");\n  } else {\n    cy.log(\"--  element is present --- \");\n    cy.get('[id=\"input-email\"]').type(\"lambdatest.Cypress@disposable.com\");\n    cy.get('[id=\"input-password\"]').type(\"Cypress123!!\");\n    cy.get('[type=\"submit\"]').eq(0).click();\n  }\n});",
              "err": {},
              "uuid": "f6dff65d-dcce-4aa2-aa43-19479fc91996",
              "parentUUID": "576969d1-3cb4-44cd-a550-63fe9b85ed2b",
              "isHook": false,
              "skipped": false
            },
            {
              "title": "Open website and enter username, password",
              "fullTitle": "Performing action if element is not present-  using Cypress Open website and enter username, password",
              "timedOut": null,
              "duration": 60429,
              "state": "failed",
              "speed": null,
              "pass": false,
              "fail": true,
              "pending": false,
              "context": null,
              "code": "cy.visit(\"https://www.lambdatest.com/selenium-playground/bootstrap-modal-demo\");\ncy.get('[data-target=\"#myModal\"]').click();\ncy.get(\"body\").then($popup => {\n  if ($popup.find(\".ltkpopup-standard\").length) {\n    cy.log(\"--- element not present --- \");\n  } else {\n    cy.log(\"--  element is present --- \");\n  }\n});",
              "err": {
                "message": "CypressError: Timed out after waiting `60000ms` for your remote page to load.\n\nYour page did not fire its `load` event within `60000ms`.\n\nYou can try increasing the `pageLoadTimeout` value in `automationcypress\\automationcypress\\cypress.config.js` to wait longer.\n\nBrowsers will not fire the `load` event until all stylesheets and scripts are done downloading.\n\nWhen this `load` event occurs, Cypress will continue running commands.",
                "estack": "CypressError: Timed out after waiting `60000ms` for your remote page to load.\n\nYour page did not fire its `load` event within `60000ms`.\n\nYou can try increasing the `pageLoadTimeout` value in `automationcypress\\automationcypress\\cypress.config.js` to wait longer.\n\nBrowsers will not fire the `load` event until all stylesheets and scripts are done downloading.\n\nWhen this `load` event occurs, Cypress will continue running commands.\n    at timedOutWaitingForPageLoad (https://www.lambdatest.com/__cypress/runner/cypress_runner.js:130108:64)\n    at <unknown> (https://www.lambdatest.com/__cypress/runner/cypress_runner.js:131094:16)\n    at tryCatcher (https://www.lambdatest.com/__cypress/runner/cypress_runner.js:1807:23)\n    at <unknown> (https://www.lambdatest.com/__cypress/runner/cypress_runner.js:4186:41)\n    at tryCatcher (https://www.lambdatest.com/__cypress/runner/cypress_runner.js:1807:23)\n    at Promise._settlePromiseFromHandler (https://www.lambdatest.com/__cypress/runner/cypress_runner.js:1519:31)\n    at Promise._settlePromise (https://www.lambdatest.com/__cypress/runner/cypress_runner.js:1576:18)\n    at Promise._settlePromise0 (https://www.lambdatest.com/__cypress/runner/cypress_runner.js:1621:10)\n    at Promise._settlePromises (https://www.lambdatest.com/__cypress/runner/cypress_runner.js:1697:18)\n    at _drainQueueStep (https://www.lambdatest.com/__cypress/runner/cypress_runner.js:2407:12)\n    at _drainQueue (https://www.lambdatest.com/__cypress/runner/cypress_runner.js:2400:9)\n    at Async._drainQueues (https://www.lambdatest.com/__cypress/runner/cypress_runner.js:2416:5)\n    at Async.drainQueues (https://www.lambdatest.com/__cypress/runner/cypress_runner.js:2286:14)\nFrom Your Spec Code:\n    at Context.eval (webpack://automationcypress/./cypress/e2e/actionBasedOnLength.cy.js:21:7)",
                "diff": null
              },
              "uuid": "de4eb07e-6d0b-44ed-b7f9-4d42d7bf70a3",
              "parentUUID": "576969d1-3cb4-44cd-a550-63fe9b85ed2b",
              "isHook": false,
              "skipped": false
            }
          ],
          "suites": [],
          "passes": [
            "f6dff65d-dcce-4aa2-aa43-19479fc91996"
          ],
          "failures": [
            "de4eb07e-6d0b-44ed-b7f9-4d42d7bf70a3"
          ],
          "pending": [],
          "skipped": [],
          "duration": 74740,
          "root": false,
          "rootEmpty": false,
          "_timeout": 2000
        }
      ],
      "passes": [],
      "failures": [],
      "pending": [],
      "skipped": [],
      "duration": 0,
      "root": true,
      "rootEmpty": true,
      "_timeout": 2000
    }
  ],
  "meta": {
    "mocha": {
      "version": "7.0.1"
    },
    "mochawesome": {
      "options": {
        "quiet": false,
        "reportFilename": "mochawesome",
        "saveHtml": true,
        "saveJson": true,
        "consoleReporter": "spec",
        "useInlineDiffs": false,
        "code": true
      },
      "version": "7.1.3"
    },
    "marge": {
      "options": null,
      "version": "6.2.0"
    }
  }
}